{"C:\\Users\\manon\\Documents\\Projet-Transversal-2T-groupe-C\\server\\src\\app.ts": {"path":"C:\\Users\\manon\\Documents\\Projet-Transversal-2T-groupe-C\\server\\src\\app.ts","statementMap":{"0":{"start":{"line":1,"column":0},"end":{"line":1,"column":30}},"1":{"start":{"line":2,"column":0},"end":{"line":2,"column":24}},"2":{"start":{"line":3,"column":0},"end":{"line":3,"column":46}},"3":{"start":{"line":4,"column":0},"end":{"line":4,"column":46}},"4":{"start":{"line":5,"column":0},"end":{"line":5,"column":43}},"5":{"start":{"line":6,"column":0},"end":{"line":6,"column":45}},"6":{"start":{"line":7,"column":0},"end":{"line":7,"column":41}},"7":{"start":{"line":9,"column":0},"end":{"line":9,"column":50}},"8":{"start":{"line":11,"column":12},"end":{"line":11,"column":21}},"9":{"start":{"line":13,"column":0},"end":{"line":18,"column":2}},"10":{"start":{"line":20,"column":0},"end":{"line":20,"column":24}},"11":{"start":{"line":21,"column":0},"end":{"line":21,"column":24}},"12":{"start":{"line":23,"column":0},"end":{"line":23,"column":29}},"13":{"start":{"line":25,"column":0},"end":{"line":25,"column":30}},"14":{"start":{"line":27,"column":0},"end":{"line":27,"column":33}},"15":{"start":{"line":29,"column":0},"end":{"line":29,"column":68}},"16":{"start":{"line":32,"column":0},"end":{"line":34,"column":3}},"17":{"start":{"line":33,"column":2},"end":{"line":33,"column":43}},"18":{"start":{"line":36,"column":0},"end":{"line":36,"column":19}}},"fnMap":{"0":{"name":"(anonymous_1)","decl":{"start":{"line":32,"column":13},"end":{"line":32,"column":14}},"loc":{"start":{"line":32,"column":26},"end":{"line":34,"column":1}}}},"branchMap":{},"s":{"0":4,"1":4,"2":4,"3":4,"4":4,"5":4,"6":4,"7":4,"8":4,"9":4,"10":4,"11":4,"12":4,"13":4,"14":4,"15":4,"16":4,"17":0,"18":4},"f":{"0":0},"b":{}}
,"C:\\Users\\manon\\Documents\\Projet-Transversal-2T-groupe-C\\server\\src\\server.ts": {"path":"C:\\Users\\manon\\Documents\\Projet-Transversal-2T-groupe-C\\server\\src\\server.ts","statementMap":{"0":{"start":{"line":1,"column":0},"end":{"line":1,"column":24}},"1":{"start":{"line":2,"column":0},"end":{"line":2,"column":42}},"2":{"start":{"line":3,"column":0},"end":{"line":3,"column":23}},"3":{"start":{"line":4,"column":0},"end":{"line":4,"column":25}},"4":{"start":{"line":5,"column":0},"end":{"line":5,"column":31}},"5":{"start":{"line":7,"column":13},"end":{"line":7,"column":17}},"6":{"start":{"line":9,"column":0},"end":{"line":9,"column":30}},"7":{"start":{"line":12,"column":2},"end":{"line":25,"column":3}},"8":{"start":{"line":13,"column":4},"end":{"line":13,"column":35}},"9":{"start":{"line":14,"column":4},"end":{"line":14,"column":35}},"10":{"start":{"line":16,"column":4},"end":{"line":16,"column":27}},"11":{"start":{"line":17,"column":4},"end":{"line":17,"column":35}},"12":{"start":{"line":19,"column":4},"end":{"line":21,"column":7}},"13":{"start":{"line":20,"column":6},"end":{"line":20,"column":55}},"14":{"start":{"line":24,"column":4},"end":{"line":24,"column":51}},"15":{"start":{"line":28,"column":0},"end":{"line":28,"column":8}}},"fnMap":{"0":{"name":"start","decl":{"start":{"line":11,"column":15},"end":{"line":11,"column":20}},"loc":{"start":{"line":11,"column":20},"end":{"line":26,"column":1}}},"1":{"name":"(anonymous_2)","decl":{"start":{"line":19,"column":21},"end":{"line":19,"column":24}},"loc":{"start":{"line":19,"column":26},"end":{"line":21,"column":5}}}},"branchMap":{},"s":{"0":0,"1":0,"2":0,"3":0,"4":0,"5":0,"6":0,"7":0,"8":0,"9":0,"10":0,"11":0,"12":0,"13":0,"14":0,"15":0},"f":{"0":0,"1":0},"b":{}}
,"C:\\Users\\manon\\Documents\\Projet-Transversal-2T-groupe-C\\server\\src\\config\\database.ts": {"path":"C:\\Users\\manon\\Documents\\Projet-Transversal-2T-groupe-C\\server\\src\\config\\database.ts","statementMap":{"0":{"start":{"line":1,"column":0},"end":{"line":1,"column":38}},"1":{"start":{"line":3,"column":0},"end":{"line":3,"column":28}},"2":{"start":{"line":4,"column":0},"end":{"line":4,"column":16}},"3":{"start":{"line":6,"column":15},"end":{"line":6,"column":46}},"4":{"start":{"line":8,"column":18},"end":{"line":12,"column":2}},"5":{"start":{"line":17,"column":0},"end":{"line":17,"column":25}}},"fnMap":{},"branchMap":{"0":{"loc":{"start":{"line":10,"column":11},"end":{"line":10,"column":52}},"type":"cond-expr","locations":[{"start":{"line":10,"column":20},"end":{"line":10,"column":30}},{"start":{"line":10,"column":33},"end":{"line":10,"column":52}}]}},"s":{"0":8,"1":8,"2":8,"3":8,"4":8,"5":8},"f":{},"b":{"0":[8,0]}}
,"C:\\Users\\manon\\Documents\\Projet-Transversal-2T-groupe-C\\server\\src\\controllers\\auth.controller.ts": {"path":"C:\\Users\\manon\\Documents\\Projet-Transversal-2T-groupe-C\\server\\src\\controllers\\auth.controller.ts","statementMap":{"0":{"start":{"line":2,"column":0},"end":{"line":2,"column":55}},"1":{"start":{"line":7,"column":4},"end":{"line":21,"column":5}},"2":{"start":{"line":8,"column":37},"end":{"line":8,"column":45}},"3":{"start":{"line":10,"column":19},"end":{"line":10,"column":65}},"4":{"start":{"line":12,"column":6},"end":{"line":15,"column":9}},"5":{"start":{"line":18,"column":6},"end":{"line":20,"column":9}},"6":{"start":{"line":25,"column":4},"end":{"line":46,"column":5}},"7":{"start":{"line":26,"column":37},"end":{"line":26,"column":45}},"8":{"start":{"line":28,"column":30},"end":{"line":28,"column":73}},"9":{"start":{"line":30,"column":6},"end":{"line":35,"column":9}},"10":{"start":{"line":37,"column":6},"end":{"line":40,"column":9}},"11":{"start":{"line":43,"column":6},"end":{"line":45,"column":9}},"12":{"start":{"line":50,"column":4},"end":{"line":53,"column":7}},"13":{"start":{"line":55,"column":4},"end":{"line":55,"column":47}},"14":{"start":{"line":4,"column":0},"end":{"line":4,"column":21}}},"fnMap":{"0":{"name":"(anonymous_0)","decl":{"start":{"line":6,"column":2},"end":{"line":6,"column":8}},"loc":{"start":{"line":6,"column":51},"end":{"line":22,"column":3}}},"1":{"name":"(anonymous_1)","decl":{"start":{"line":24,"column":2},"end":{"line":24,"column":8}},"loc":{"start":{"line":24,"column":48},"end":{"line":47,"column":3}}},"2":{"name":"(anonymous_2)","decl":{"start":{"line":49,"column":2},"end":{"line":49,"column":8}},"loc":{"start":{"line":49,"column":49},"end":{"line":56,"column":3}}}},"branchMap":{},"s":{"0":4,"1":0,"2":0,"3":0,"4":0,"5":0,"6":0,"7":0,"8":0,"9":0,"10":0,"11":0,"12":0,"13":0,"14":4},"f":{"0":0,"1":0,"2":0},"b":{}}
,"C:\\Users\\manon\\Documents\\Projet-Transversal-2T-groupe-C\\server\\src\\controllers\\scores.controller.ts": {"path":"C:\\Users\\manon\\Documents\\Projet-Transversal-2T-groupe-C\\server\\src\\controllers\\scores.controller.ts","statementMap":{"0":{"start":{"line":2,"column":0},"end":{"line":2,"column":38}},"1":{"start":{"line":3,"column":0},"end":{"line":3,"column":34}},"2":{"start":{"line":7,"column":4},"end":{"line":18,"column":5}},"3":{"start":{"line":8,"column":33},"end":{"line":8,"column":41}},"4":{"start":{"line":10,"column":23},"end":{"line":13,"column":8}},"5":{"start":{"line":15,"column":6},"end":{"line":15,"column":44}},"6":{"start":{"line":17,"column":6},"end":{"line":17,"column":58}},"7":{"start":{"line":22,"column":4},"end":{"line":38,"column":5}},"8":{"start":{"line":23,"column":21},"end":{"line":33,"column":8}},"9":{"start":{"line":35,"column":6},"end":{"line":35,"column":30}},"10":{"start":{"line":37,"column":6},"end":{"line":37,"column":58}},"11":{"start":{"line":5,"column":0},"end":{"line":5,"column":13}}},"fnMap":{"0":{"name":"(anonymous_1)","decl":{"start":{"line":6,"column":2},"end":{"line":6,"column":8}},"loc":{"start":{"line":6,"column":49},"end":{"line":19,"column":3}}},"1":{"name":"(anonymous_2)","decl":{"start":{"line":21,"column":2},"end":{"line":21,"column":8}},"loc":{"start":{"line":21,"column":50},"end":{"line":39,"column":3}}}},"branchMap":{},"s":{"0":4,"1":4,"2":0,"3":0,"4":0,"5":0,"6":0,"7":0,"8":0,"9":0,"10":0,"11":4},"f":{"0":0,"1":0},"b":{}}
,"C:\\Users\\manon\\Documents\\Projet-Transversal-2T-groupe-C\\server\\src\\controllers\\user.Controller.ts": {"path":"C:\\Users\\manon\\Documents\\Projet-Transversal-2T-groupe-C\\server\\src\\controllers\\user.Controller.ts","statementMap":{"0":{"start":{"line":2,"column":0},"end":{"line":2,"column":55}},"1":{"start":{"line":5,"column":24},"end":{"line":12,"column":1}},"2":{"start":{"line":6,"column":2},"end":{"line":11,"column":3}},"3":{"start":{"line":7,"column":18},"end":{"line":7,"column":46}},"4":{"start":{"line":8,"column":4},"end":{"line":8,"column":20}},"5":{"start":{"line":10,"column":4},"end":{"line":10,"column":49}},"6":{"start":{"line":5,"column":13},"end":{"line":5,"column":24}},"7":{"start":{"line":15,"column":27},"end":{"line":29,"column":1}},"8":{"start":{"line":16,"column":2},"end":{"line":28,"column":3}},"9":{"start":{"line":17,"column":15},"end":{"line":17,"column":36}},"10":{"start":{"line":19,"column":17},"end":{"line":19,"column":50}},"11":{"start":{"line":21,"column":4},"end":{"line":23,"column":5}},"12":{"start":{"line":22,"column":6},"end":{"line":22,"column":71}},"13":{"start":{"line":25,"column":4},"end":{"line":25,"column":19}},"14":{"start":{"line":27,"column":4},"end":{"line":27,"column":49}},"15":{"start":{"line":15,"column":13},"end":{"line":15,"column":27}},"16":{"start":{"line":32,"column":26},"end":{"line":51,"column":1}},"17":{"start":{"line":33,"column":2},"end":{"line":50,"column":3}},"18":{"start":{"line":34,"column":52},"end":{"line":34,"column":60}},"19":{"start":{"line":36,"column":4},"end":{"line":38,"column":5}},"20":{"start":{"line":37,"column":6},"end":{"line":37,"column":65}},"21":{"start":{"line":40,"column":17},"end":{"line":45,"column":6}},"22":{"start":{"line":47,"column":4},"end":{"line":47,"column":31}},"23":{"start":{"line":49,"column":4},"end":{"line":49,"column":49}},"24":{"start":{"line":32,"column":13},"end":{"line":32,"column":26}},"25":{"start":{"line":54,"column":26},"end":{"line":73,"column":1}},"26":{"start":{"line":55,"column":2},"end":{"line":72,"column":3}},"27":{"start":{"line":56,"column":15},"end":{"line":56,"column":36}},"28":{"start":{"line":58,"column":17},"end":{"line":63,"column":6}},"29":{"start":{"line":65,"column":4},"end":{"line":67,"column":5}},"30":{"start":{"line":66,"column":6},"end":{"line":66,"column":71}},"31":{"start":{"line":69,"column":4},"end":{"line":69,"column":19}},"32":{"start":{"line":71,"column":4},"end":{"line":71,"column":49}},"33":{"start":{"line":54,"column":13},"end":{"line":54,"column":26}},"34":{"start":{"line":76,"column":26},"end":{"line":90,"column":1}},"35":{"start":{"line":77,"column":2},"end":{"line":89,"column":3}},"36":{"start":{"line":78,"column":15},"end":{"line":78,"column":36}},"37":{"start":{"line":80,"column":20},"end":{"line":80,"column":52}},"38":{"start":{"line":82,"column":4},"end":{"line":84,"column":5}},"39":{"start":{"line":83,"column":6},"end":{"line":83,"column":71}},"40":{"start":{"line":86,"column":4},"end":{"line":86,"column":50}},"41":{"start":{"line":88,"column":4},"end":{"line":88,"column":49}},"42":{"start":{"line":76,"column":13},"end":{"line":76,"column":26}}},"fnMap":{"0":{"name":"(anonymous_0)","decl":{"start":{"line":5,"column":24},"end":{"line":5,"column":29}},"loc":{"start":{"line":5,"column":62},"end":{"line":12,"column":1}}},"1":{"name":"(anonymous_1)","decl":{"start":{"line":15,"column":27},"end":{"line":15,"column":32}},"loc":{"start":{"line":15,"column":65},"end":{"line":29,"column":1}}},"2":{"name":"(anonymous_2)","decl":{"start":{"line":32,"column":26},"end":{"line":32,"column":31}},"loc":{"start":{"line":32,"column":64},"end":{"line":51,"column":1}}},"3":{"name":"(anonymous_3)","decl":{"start":{"line":54,"column":26},"end":{"line":54,"column":31}},"loc":{"start":{"line":54,"column":64},"end":{"line":73,"column":1}}},"4":{"name":"(anonymous_4)","decl":{"start":{"line":76,"column":26},"end":{"line":76,"column":31}},"loc":{"start":{"line":76,"column":64},"end":{"line":90,"column":1}}}},"branchMap":{"0":{"loc":{"start":{"line":21,"column":4},"end":{"line":23,"column":5}},"type":"if","locations":[{"start":{"line":21,"column":4},"end":{"line":23,"column":5}},{"start":{},"end":{}}]},"1":{"loc":{"start":{"line":36,"column":4},"end":{"line":38,"column":5}},"type":"if","locations":[{"start":{"line":36,"column":4},"end":{"line":38,"column":5}},{"start":{},"end":{}}]},"2":{"loc":{"start":{"line":36,"column":8},"end":{"line":36,"column":53}},"type":"binary-expr","locations":[{"start":{"line":36,"column":8},"end":{"line":36,"column":17}},{"start":{"line":36,"column":21},"end":{"line":36,"column":31}},{"start":{"line":36,"column":35},"end":{"line":36,"column":40}},{"start":{"line":36,"column":44},"end":{"line":36,"column":53}}]},"3":{"loc":{"start":{"line":65,"column":4},"end":{"line":67,"column":5}},"type":"if","locations":[{"start":{"line":65,"column":4},"end":{"line":67,"column":5}},{"start":{},"end":{}}]},"4":{"loc":{"start":{"line":82,"column":4},"end":{"line":84,"column":5}},"type":"if","locations":[{"start":{"line":82,"column":4},"end":{"line":84,"column":5}},{"start":{},"end":{}}]}},"s":{"0":4,"1":4,"2":1,"3":1,"4":1,"5":0,"6":4,"7":4,"8":1,"9":1,"10":1,"11":1,"12":1,"13":0,"14":0,"15":4,"16":4,"17":1,"18":1,"19":1,"20":0,"21":1,"22":1,"23":0,"24":4,"25":4,"26":0,"27":0,"28":0,"29":0,"30":0,"31":0,"32":0,"33":4,"34":4,"35":1,"36":1,"37":1,"38":1,"39":0,"40":1,"41":0,"42":4},"f":{"0":1,"1":1,"2":1,"3":0,"4":1},"b":{"0":[1,0],"1":[0,1],"2":[1,1,1,1],"3":[0,0],"4":[0,1]}}
,"C:\\Users\\manon\\Documents\\Projet-Transversal-2T-groupe-C\\server\\src\\db\\connection.ts": {"path":"C:\\Users\\manon\\Documents\\Projet-Transversal-2T-groupe-C\\server\\src\\db\\connection.ts","statementMap":{"0":{"start":{"line":1,"column":0},"end":{"line":1,"column":38}},"1":{"start":{"line":3,"column":18},"end":{"line":7,"column":2}},"2":{"start":{"line":9,"column":0},"end":{"line":9,"column":25}}},"fnMap":{},"branchMap":{},"s":{"0":0,"1":0,"2":0},"f":{},"b":{}}
,"C:\\Users\\manon\\Documents\\Projet-Transversal-2T-groupe-C\\server\\src\\docs\\swagger.ts": {"path":"C:\\Users\\manon\\Documents\\Projet-Transversal-2T-groupe-C\\server\\src\\docs\\swagger.ts","statementMap":{"0":{"start":{"line":1,"column":0},"end":{"line":1,"column":41}},"1":{"start":{"line":3,"column":16},"end":{"line":30,"column":2}},"2":{"start":{"line":32,"column":13},"end":{"line":32,"column":49}}},"fnMap":{},"branchMap":{},"s":{"0":4,"1":4,"2":4},"f":{},"b":{}}
,"C:\\Users\\manon\\Documents\\Projet-Transversal-2T-groupe-C\\server\\src\\middlewares\\auth.middleware.ts": {"path":"C:\\Users\\manon\\Documents\\Projet-Transversal-2T-groupe-C\\server\\src\\middlewares\\auth.middleware.ts","statementMap":{"0":{"start":{"line":6,"column":0},"end":{"line":6,"column":16}},"1":{"start":{"line":2,"column":0},"end":{"line":2,"column":31}},"2":{"start":{"line":4,"column":19},"end":{"line":4,"column":53}},"3":{"start":{"line":11,"column":16},"end":{"line":11,"column":34}},"4":{"start":{"line":12,"column":4},"end":{"line":12,"column":50}},"5":{"start":{"line":13,"column":2},"end":{"line":17,"column":3}},"6":{"start":{"line":14,"column":4},"end":{"line":16,"column":7}},"7":{"start":{"line":19,"column":2},"end":{"line":29,"column":3}},"8":{"start":{"line":20,"column":20},"end":{"line":20,"column":49}},"9":{"start":{"line":22,"column":5},"end":{"line":22,"column":32}},"10":{"start":{"line":24,"column":4},"end":{"line":24,"column":11}},"11":{"start":{"line":26,"column":4},"end":{"line":28,"column":7}}},"fnMap":{"0":{"name":"authMiddleware","decl":{"start":{"line":6,"column":16},"end":{"line":6,"column":30}},"loc":{"start":{"line":9,"column":20},"end":{"line":30,"column":1}}}},"branchMap":{"0":{"loc":{"start":{"line":4,"column":19},"end":{"line":4,"column":53}},"type":"binary-expr","locations":[{"start":{"line":4,"column":19},"end":{"line":4,"column":41}},{"start":{"line":4,"column":45},"end":{"line":4,"column":53}}]},"1":{"loc":{"start":{"line":13,"column":2},"end":{"line":17,"column":3}},"type":"if","locations":[{"start":{"line":13,"column":2},"end":{"line":17,"column":3}},{"start":{},"end":{}}]}},"s":{"0":1,"1":1,"2":1,"3":0,"4":0,"5":0,"6":0,"7":0,"8":0,"9":0,"10":0,"11":0},"f":{"0":0},"b":{"0":[1,1],"1":[0,0]}}
,"C:\\Users\\manon\\Documents\\Projet-Transversal-2T-groupe-C\\server\\src\\middlewares\\checkIdParam.ts": {"path":"C:\\Users\\manon\\Documents\\Projet-Transversal-2T-groupe-C\\server\\src\\middlewares\\checkIdParam.ts","statementMap":{"0":{"start":{"line":3,"column":28},"end":{"line":17,"column":1}},"1":{"start":{"line":4,"column":15},"end":{"line":4,"column":28}},"2":{"start":{"line":6,"column":4},"end":{"line":8,"column":5}},"3":{"start":{"line":7,"column":7},"end":{"line":7,"column":61}},"4":{"start":{"line":10,"column":18},"end":{"line":10,"column":34}},"5":{"start":{"line":12,"column":4},"end":{"line":14,"column":5}},"6":{"start":{"line":13,"column":8},"end":{"line":13,"column":62}},"7":{"start":{"line":16,"column":4},"end":{"line":16,"column":11}},"8":{"start":{"line":3,"column":13},"end":{"line":3,"column":28}}},"fnMap":{"0":{"name":"(anonymous_0)","decl":{"start":{"line":3,"column":28},"end":{"line":3,"column":29}},"loc":{"start":{"line":3,"column":80},"end":{"line":17,"column":1}}}},"branchMap":{"0":{"loc":{"start":{"line":6,"column":4},"end":{"line":8,"column":5}},"type":"if","locations":[{"start":{"line":6,"column":4},"end":{"line":8,"column":5}},{"start":{},"end":{}}]},"1":{"loc":{"start":{"line":12,"column":4},"end":{"line":14,"column":5}},"type":"if","locations":[{"start":{"line":12,"column":4},"end":{"line":14,"column":5}},{"start":{},"end":{}}]},"2":{"loc":{"start":{"line":12,"column":8},"end":{"line":12,"column":34}},"type":"binary-expr","locations":[{"start":{"line":12,"column":8},"end":{"line":12,"column":20}},{"start":{"line":12,"column":24},"end":{"line":12,"column":34}}]}},"s":{"0":1,"1":3,"2":3,"3":0,"4":3,"5":3,"6":2,"7":1,"8":1},"f":{"0":3},"b":{"0":[0,3],"1":[2,1],"2":[3,2]}}
,"C:\\Users\\manon\\Documents\\Projet-Transversal-2T-groupe-C\\server\\src\\middlewares\\errorHandler.ts": {"path":"C:\\Users\\manon\\Documents\\Projet-Transversal-2T-groupe-C\\server\\src\\middlewares\\errorHandler.ts","statementMap":{"0":{"start":{"line":3,"column":28},"end":{"line":15,"column":1}},"1":{"start":{"line":9,"column":4},"end":{"line":9,"column":23}},"2":{"start":{"line":11,"column":19},"end":{"line":11,"column":36}},"3":{"start":{"line":12,"column":20},"end":{"line":12,"column":58}},"4":{"start":{"line":14,"column":4},"end":{"line":14,"column":48}},"5":{"start":{"line":3,"column":13},"end":{"line":3,"column":28}}},"fnMap":{"0":{"name":"(anonymous_0)","decl":{"start":{"line":3,"column":28},"end":{"line":3,"column":null}},"loc":{"start":{"line":8,"column":4},"end":{"line":15,"column":1}}}},"branchMap":{"0":{"loc":{"start":{"line":11,"column":19},"end":{"line":11,"column":36}},"type":"binary-expr","locations":[{"start":{"line":11,"column":19},"end":{"line":11,"column":29}},{"start":{"line":11,"column":33},"end":{"line":11,"column":36}}]},"1":{"loc":{"start":{"line":12,"column":20},"end":{"line":12,"column":58}},"type":"binary-expr","locations":[{"start":{"line":12,"column":20},"end":{"line":12,"column":31}},{"start":{"line":12,"column":35},"end":{"line":12,"column":58}}]}},"s":{"0":1,"1":2,"2":2,"3":2,"4":2,"5":1},"f":{"0":2},"b":{"0":[2,1],"1":[2,1]}}
,"C:\\Users\\manon\\Documents\\Projet-Transversal-2T-groupe-C\\server\\src\\middlewares\\logger.ts": {"path":"C:\\Users\\manon\\Documents\\Projet-Transversal-2T-groupe-C\\server\\src\\middlewares\\logger.ts","statementMap":{"0":{"start":{"line":3,"column":29},"end":{"line":6,"column":1}},"1":{"start":{"line":4,"column":4},"end":{"line":4,"column":74}},"2":{"start":{"line":5,"column":4},"end":{"line":5,"column":11}},"3":{"start":{"line":3,"column":13},"end":{"line":3,"column":29}}},"fnMap":{"0":{"name":"(anonymous_0)","decl":{"start":{"line":3,"column":29},"end":{"line":3,"column":30}},"loc":{"start":{"line":3,"column":81},"end":{"line":6,"column":1}}}},"branchMap":{},"s":{"0":1,"1":1,"2":1,"3":1},"f":{"0":1},"b":{}}
,"C:\\Users\\manon\\Documents\\Projet-Transversal-2T-groupe-C\\server\\src\\models\\Associations.ts": {"path":"C:\\Users\\manon\\Documents\\Projet-Transversal-2T-groupe-C\\server\\src\\models\\Associations.ts","statementMap":{"0":{"start":{"line":1,"column":0},"end":{"line":1,"column":26}},"1":{"start":{"line":2,"column":0},"end":{"line":2,"column":30}},"2":{"start":{"line":4,"column":0},"end":{"line":7,"column":3}},"3":{"start":{"line":9,"column":0},"end":{"line":12,"column":3}}},"fnMap":{},"branchMap":{},"s":{"0":0,"1":0,"2":0,"3":0},"f":{},"b":{}}
,"C:\\Users\\manon\\Documents\\Projet-Transversal-2T-groupe-C\\server\\src\\models\\Scores.ts": {"path":"C:\\Users\\manon\\Documents\\Projet-Transversal-2T-groupe-C\\server\\src\\models\\Scores.ts","statementMap":{"0":{"start":{"line":1,"column":0},"end":{"line":1,"column":45}},"1":{"start":{"line":2,"column":0},"end":{"line":2,"column":43}},"2":{"start":{"line":10,"column":0},"end":{"line":32,"column":2}},"3":{"start":{"line":34,"column":0},"end":{"line":34,"column":22}}},"fnMap":{},"branchMap":{},"s":{"0":4,"1":4,"2":4,"3":4},"f":{},"b":{}}
,"C:\\Users\\manon\\Documents\\Projet-Transversal-2T-groupe-C\\server\\src\\models\\user.ts": {"path":"C:\\Users\\manon\\Documents\\Projet-Transversal-2T-groupe-C\\server\\src\\models\\user.ts","statementMap":{"0":{"start":{"line":1,"column":0},"end":{"line":1,"column":45}},"1":{"start":{"line":2,"column":0},"end":{"line":2,"column":43}},"2":{"start":{"line":16,"column":0},"end":{"line":54,"column":2}},"3":{"start":{"line":56,"column":0},"end":{"line":56,"column":20}}},"fnMap":{},"branchMap":{},"s":{"0":7,"1":7,"2":7,"3":7},"f":{},"b":{}}
,"C:\\Users\\manon\\Documents\\Projet-Transversal-2T-groupe-C\\server\\src\\routes\\auth.routes.ts": {"path":"C:\\Users\\manon\\Documents\\Projet-Transversal-2T-groupe-C\\server\\src\\routes\\auth.routes.ts","statementMap":{"0":{"start":{"line":1,"column":0},"end":{"line":1,"column":33}},"1":{"start":{"line":2,"column":0},"end":{"line":2,"column":60}},"2":{"start":{"line":3,"column":0},"end":{"line":3,"column":64}},"3":{"start":{"line":4,"column":0},"end":{"line":4,"column":41}},"4":{"start":{"line":6,"column":15},"end":{"line":6,"column":23}},"5":{"start":{"line":44,"column":0},"end":{"line":44,"column":50}},"6":{"start":{"line":75,"column":0},"end":{"line":75,"column":44}},"7":{"start":{"line":112,"column":0},"end":{"line":120,"column":3}},"8":{"start":{"line":113,"column":15},"end":{"line":113,"column":63}},"9":{"start":{"line":115,"column":2},"end":{"line":117,"column":3}},"10":{"start":{"line":116,"column":4},"end":{"line":116,"column":61}},"11":{"start":{"line":119,"column":2},"end":{"line":119,"column":17}},"12":{"start":{"line":135,"column":0},"end":{"line":142,"column":3}},"13":{"start":{"line":137,"column":2},"end":{"line":137,"column":27}},"14":{"start":{"line":139,"column":2},"end":{"line":141,"column":5}},"15":{"start":{"line":144,"column":0},"end":{"line":144,"column":22}}},"fnMap":{"0":{"name":"(anonymous_1)","decl":{"start":{"line":112,"column":34},"end":{"line":112,"column":39}},"loc":{"start":{"line":112,"column":53},"end":{"line":120,"column":1}}},"1":{"name":"(anonymous_2)","decl":{"start":{"line":135,"column":39},"end":{"line":135,"column":40}},"loc":{"start":{"line":135,"column":52},"end":{"line":142,"column":1}}}},"branchMap":{"0":{"loc":{"start":{"line":115,"column":2},"end":{"line":117,"column":3}},"type":"if","locations":[{"start":{"line":115,"column":2},"end":{"line":117,"column":3}},{"start":{},"end":{}}]}},"s":{"0":4,"1":4,"2":4,"3":4,"4":4,"5":4,"6":4,"7":4,"8":0,"9":0,"10":0,"11":0,"12":4,"13":0,"14":0,"15":4},"f":{"0":0,"1":0},"b":{"0":[0,0]}}
,"C:\\Users\\manon\\Documents\\Projet-Transversal-2T-groupe-C\\server\\src\\routes\\scores.routes.ts": {"path":"C:\\Users\\manon\\Documents\\Projet-Transversal-2T-groupe-C\\server\\src\\routes\\scores.routes.ts","statementMap":{"0":{"start":{"line":1,"column":0},"end":{"line":1,"column":33}},"1":{"start":{"line":2,"column":0},"end":{"line":2,"column":68}},"2":{"start":{"line":4,"column":15},"end":{"line":4,"column":23}},"3":{"start":{"line":6,"column":0},"end":{"line":6,"column":46}},"4":{"start":{"line":7,"column":0},"end":{"line":7,"column":42}},"5":{"start":{"line":9,"column":0},"end":{"line":9,"column":22}}},"fnMap":{},"branchMap":{},"s":{"0":4,"1":4,"2":4,"3":4,"4":4,"5":4},"f":{},"b":{}}
,"C:\\Users\\manon\\Documents\\Projet-Transversal-2T-groupe-C\\server\\src\\routes\\user.routes.ts": {"path":"C:\\Users\\manon\\Documents\\Projet-Transversal-2T-groupe-C\\server\\src\\routes\\user.routes.ts","statementMap":{"0":{"start":{"line":1,"column":0},"end":{"line":1,"column":33}},"1":{"start":{"line":2,"column":0},"end":{"line":2,"column":65}},"2":{"start":{"line":3,"column":0},"end":{"line":3,"column":64}},"3":{"start":{"line":5,"column":15},"end":{"line":5,"column":23}},"4":{"start":{"line":51,"column":0},"end":{"line":51,"column":44}},"5":{"start":{"line":68,"column":0},"end":{"line":68,"column":57}},"6":{"start":{"line":93,"column":0},"end":{"line":93,"column":63}},"7":{"start":{"line":131,"column":0},"end":{"line":131,"column":62}},"8":{"start":{"line":156,"column":0},"end":{"line":156,"column":65}},"9":{"start":{"line":158,"column":0},"end":{"line":158,"column":22}}},"fnMap":{},"branchMap":{},"s":{"0":4,"1":4,"2":4,"3":4,"4":4,"5":4,"6":4,"7":4,"8":4,"9":4},"f":{},"b":{}}
,"C:\\Users\\manon\\Documents\\Projet-Transversal-2T-groupe-C\\server\\src\\services\\auth.service.ts": {"path":"C:\\Users\\manon\\Documents\\Projet-Transversal-2T-groupe-C\\server\\src\\services\\auth.service.ts","statementMap":{"0":{"start":{"line":1,"column":0},"end":{"line":1,"column":28}},"1":{"start":{"line":2,"column":0},"end":{"line":2,"column":31}},"2":{"start":{"line":3,"column":0},"end":{"line":3,"column":34}},"3":{"start":{"line":5,"column":19},"end":{"line":5,"column":53}},"4":{"start":{"line":10,"column":21},"end":{"line":12,"column":6}},"5":{"start":{"line":14,"column":4},"end":{"line":16,"column":5}},"6":{"start":{"line":15,"column":6},"end":{"line":15,"column":45}},"7":{"start":{"line":18,"column":27},"end":{"line":18,"column":58}},"8":{"start":{"line":20,"column":17},"end":{"line":25,"column":6}},"9":{"start":{"line":27,"column":4},"end":{"line":30,"column":6}},"10":{"start":{"line":35,"column":17},"end":{"line":37,"column":6}},"11":{"start":{"line":39,"column":4},"end":{"line":41,"column":5}},"12":{"start":{"line":40,"column":6},"end":{"line":40,"column":40}},"13":{"start":{"line":43,"column":20},"end":{"line":43,"column":65}},"14":{"start":{"line":45,"column":4},"end":{"line":47,"column":5}},"15":{"start":{"line":46,"column":6},"end":{"line":46,"column":42}},"16":{"start":{"line":49,"column":18},"end":{"line":55,"column":null}},"17":{"start":{"line":58,"column":4},"end":{"line":64,"column":6}},"18":{"start":{"line":7,"column":0},"end":{"line":7,"column":13}}},"fnMap":{"0":{"name":"(anonymous_1)","decl":{"start":{"line":9,"column":2},"end":{"line":9,"column":8}},"loc":{"start":{"line":9,"column":58},"end":{"line":31,"column":3}}},"1":{"name":"(anonymous_2)","decl":{"start":{"line":33,"column":2},"end":{"line":33,"column":8}},"loc":{"start":{"line":33,"column":55},"end":{"line":65,"column":3}}}},"branchMap":{"0":{"loc":{"start":{"line":5,"column":19},"end":{"line":5,"column":53}},"type":"binary-expr","locations":[{"start":{"line":5,"column":19},"end":{"line":5,"column":41}},{"start":{"line":5,"column":45},"end":{"line":5,"column":53}}]},"1":{"loc":{"start":{"line":14,"column":4},"end":{"line":16,"column":5}},"type":"if","locations":[{"start":{"line":14,"column":4},"end":{"line":16,"column":5}},{"start":{},"end":{}}]},"2":{"loc":{"start":{"line":39,"column":4},"end":{"line":41,"column":5}},"type":"if","locations":[{"start":{"line":39,"column":4},"end":{"line":41,"column":5}},{"start":{},"end":{}}]},"3":{"loc":{"start":{"line":45,"column":4},"end":{"line":47,"column":5}},"type":"if","locations":[{"start":{"line":45,"column":4},"end":{"line":47,"column":5}},{"start":{},"end":{}}]}},"s":{"0":5,"1":5,"2":5,"3":5,"4":0,"5":0,"6":0,"7":0,"8":0,"9":0,"10":1,"11":1,"12":0,"13":1,"14":1,"15":0,"16":1,"17":1,"18":5},"f":{"0":0,"1":1},"b":{"0":[5,5],"1":[0,0],"2":[0,1],"3":[0,1]}}
,"C:\\Users\\manon\\Documents\\Projet-Transversal-2T-groupe-C\\server\\src\\services\\user.service.ts": {"path":"C:\\Users\\manon\\Documents\\Projet-Transversal-2T-groupe-C\\server\\src\\services\\user.service.ts","statementMap":{"0":{"start":{"line":1,"column":0},"end":{"line":1,"column":34}},"1":{"start":{"line":2,"column":0},"end":{"line":2,"column":28}},"2":{"start":{"line":7,"column":4},"end":{"line":7,"column":26}},"3":{"start":{"line":11,"column":4},"end":{"line":11,"column":29}},"4":{"start":{"line":21,"column":27},"end":{"line":21,"column":63}},"5":{"start":{"line":23,"column":4},"end":{"line":28,"column":7}},"6":{"start":{"line":32,"column":17},"end":{"line":32,"column":40}},"7":{"start":{"line":33,"column":4},"end":{"line":33,"column":27}},"8":{"start":{"line":33,"column":15},"end":{"line":33,"column":27}},"9":{"start":{"line":35,"column":4},"end":{"line":37,"column":5}},"10":{"start":{"line":36,"column":6},"end":{"line":36,"column":59}},"11":{"start":{"line":39,"column":4},"end":{"line":39,"column":28}},"12":{"start":{"line":40,"column":4},"end":{"line":40,"column":16}},"13":{"start":{"line":44,"column":17},"end":{"line":44,"column":40}},"14":{"start":{"line":45,"column":4},"end":{"line":45,"column":27}},"15":{"start":{"line":45,"column":15},"end":{"line":45,"column":27}},"16":{"start":{"line":47,"column":4},"end":{"line":47,"column":25}},"17":{"start":{"line":48,"column":4},"end":{"line":48,"column":16}},"18":{"start":{"line":4,"column":0},"end":{"line":4,"column":13}}},"fnMap":{"0":{"name":"(anonymous_1)","decl":{"start":{"line":6,"column":2},"end":{"line":6,"column":8}},"loc":{"start":{"line":6,"column":23},"end":{"line":8,"column":3}}},"1":{"name":"(anonymous_2)","decl":{"start":{"line":10,"column":2},"end":{"line":10,"column":8}},"loc":{"start":{"line":10,"column":37},"end":{"line":12,"column":3}}},"2":{"name":"(anonymous_3)","decl":{"start":{"line":14,"column":2},"end":{"line":14,"column":8}},"loc":{"start":{"line":19,"column":3},"end":{"line":29,"column":3}}},"3":{"name":"(anonymous_4)","decl":{"start":{"line":31,"column":2},"end":{"line":31,"column":8}},"loc":{"start":{"line":31,"column":47},"end":{"line":41,"column":3}}},"4":{"name":"(anonymous_5)","decl":{"start":{"line":43,"column":2},"end":{"line":43,"column":8}},"loc":{"start":{"line":43,"column":36},"end":{"line":49,"column":3}}}},"branchMap":{"0":{"loc":{"start":{"line":33,"column":4},"end":{"line":33,"column":27}},"type":"if","locations":[{"start":{"line":33,"column":4},"end":{"line":33,"column":27}},{"start":{},"end":{}}]},"1":{"loc":{"start":{"line":35,"column":4},"end":{"line":37,"column":5}},"type":"if","locations":[{"start":{"line":35,"column":4},"end":{"line":37,"column":5}},{"start":{},"end":{}}]},"2":{"loc":{"start":{"line":45,"column":4},"end":{"line":45,"column":27}},"type":"if","locations":[{"start":{"line":45,"column":4},"end":{"line":45,"column":27}},{"start":{},"end":{}}]}},"s":{"0":4,"1":4,"2":1,"3":1,"4":1,"5":1,"6":0,"7":0,"8":0,"9":0,"10":0,"11":0,"12":0,"13":1,"14":1,"15":0,"16":1,"17":1,"18":4},"f":{"0":1,"1":1,"2":1,"3":0,"4":1},"b":{"0":[0,0],"1":[0,0],"2":[0,1]}}
}
