TN:
SF:src\app.ts
FN:32,(anonymous_1)
FNF:1
FNH:0
FNDA:0,(anonymous_1)
DA:1,4
DA:2,4
DA:3,4
DA:4,4
DA:5,4
DA:6,4
DA:7,4
DA:9,4
DA:11,4
DA:13,4
DA:20,4
DA:21,4
DA:23,4
DA:25,4
DA:27,4
DA:29,4
DA:32,4
DA:33,0
DA:36,4
LF:19
LH:18
BRF:0
BRH:0
end_of_record
TN:
SF:src\server.ts
FN:11,start
FN:19,(anonymous_2)
FNF:2
FNH:0
FNDA:0,start
FNDA:0,(anonymous_2)
DA:1,0
DA:2,0
DA:3,0
DA:4,0
DA:5,0
DA:7,0
DA:9,0
DA:12,0
DA:13,0
DA:14,0
DA:16,0
DA:17,0
DA:19,0
DA:20,0
DA:24,0
DA:28,0
LF:16
LH:0
BRF:0
BRH:0
end_of_record
TN:
SF:src\config\database.ts
FNF:0
FNH:0
DA:1,8
DA:3,8
DA:4,8
DA:6,8
DA:8,8
DA:17,8
LF:6
LH:6
BRDA:10,0,0,8
BRDA:10,0,1,0
BRF:2
BRH:1
end_of_record
TN:
SF:src\controllers\auth.controller.ts
FN:6,(anonymous_0)
FN:24,(anonymous_1)
FN:49,(anonymous_2)
FNF:3
FNH:0
FNDA:0,(anonymous_0)
FNDA:0,(anonymous_1)
FNDA:0,(anonymous_2)
DA:2,4
DA:4,4
DA:7,0
DA:8,0
DA:10,0
DA:12,0
DA:18,0
DA:25,0
DA:26,0
DA:28,0
DA:30,0
DA:37,0
DA:43,0
DA:50,0
DA:55,0
LF:15
LH:2
BRF:0
BRH:0
end_of_record
TN:
SF:src\controllers\scores.controller.ts
FN:6,(anonymous_1)
FN:21,(anonymous_2)
FNF:2
FNH:0
FNDA:0,(anonymous_1)
FNDA:0,(anonymous_2)
DA:2,4
DA:3,4
DA:5,4
DA:7,0
DA:8,0
DA:10,0
DA:15,0
DA:17,0
DA:22,0
DA:23,0
DA:35,0
DA:37,0
LF:12
LH:3
BRF:0
BRH:0
end_of_record
TN:
SF:src\controllers\user.Controller.ts
FN:5,(anonymous_0)
FN:15,(anonymous_1)
FN:32,(anonymous_2)
FN:54,(anonymous_3)
FN:76,(anonymous_4)
FNF:5
FNH:4
FNDA:1,(anonymous_0)
FNDA:1,(anonymous_1)
FNDA:1,(anonymous_2)
FNDA:0,(anonymous_3)
FNDA:1,(anonymous_4)
DA:2,4
DA:5,4
DA:6,1
DA:7,1
DA:8,1
DA:10,0
DA:15,4
DA:16,1
DA:17,1
DA:19,1
DA:21,1
DA:22,1
DA:25,0
DA:27,0
DA:32,4
DA:33,1
DA:34,1
DA:36,1
DA:37,0
DA:40,1
DA:47,1
DA:49,0
DA:54,4
DA:55,0
DA:56,0
DA:58,0
DA:65,0
DA:66,0
DA:69,0
DA:71,0
DA:76,4
DA:77,1
DA:78,1
DA:80,1
DA:82,1
DA:83,0
DA:86,1
DA:88,0
LF:38
LH:24
BRDA:21,0,0,1
BRDA:21,0,1,0
BRDA:36,1,0,0
BRDA:36,1,1,1
BRDA:36,2,0,1
BRDA:36,2,1,1
BRDA:36,2,2,1
BRDA:36,2,3,1
BRDA:65,3,0,0
BRDA:65,3,1,0
BRDA:82,4,0,0
BRDA:82,4,1,1
BRF:12
BRH:7
end_of_record
TN:
SF:src\db\connection.ts
FNF:0
FNH:0
DA:1,0
DA:3,0
DA:9,0
LF:3
LH:0
BRF:0
BRH:0
end_of_record
TN:
SF:src\docs\swagger.ts
FNF:0
FNH:0
DA:1,4
DA:3,4
DA:32,4
LF:3
LH:3
BRF:0
BRH:0
end_of_record
TN:
SF:src\middlewares\auth.middleware.ts
FN:6,authMiddleware
FNF:1
FNH:0
FNDA:0,authMiddleware
DA:2,1
DA:4,1
DA:6,1
DA:11,0
DA:12,0
DA:13,0
DA:14,0
DA:19,0
DA:20,0
DA:22,0
DA:24,0
DA:26,0
LF:12
LH:3
BRDA:4,0,0,1
BRDA:4,0,1,1
BRDA:13,1,0,0
BRDA:13,1,1,0
BRF:4
BRH:2
end_of_record
TN:
SF:src\middlewares\checkIdParam.ts
FN:3,(anonymous_0)
FNF:1
FNH:1
FNDA:3,(anonymous_0)
DA:3,1
DA:4,3
DA:6,3
DA:7,0
DA:10,3
DA:12,3
DA:13,2
DA:16,1
LF:8
LH:7
BRDA:6,0,0,0
BRDA:6,0,1,3
BRDA:12,1,0,2
BRDA:12,1,1,1
BRDA:12,2,0,3
BRDA:12,2,1,2
BRF:6
BRH:5
end_of_record
TN:
SF:src\middlewares\errorHandler.ts
FN:3,(anonymous_0)
FNF:1
FNH:1
FNDA:2,(anonymous_0)
DA:3,1
DA:9,2
DA:11,2
DA:12,2
DA:14,2
LF:5
LH:5
BRDA:11,0,0,2
BRDA:11,0,1,1
BRDA:12,1,0,2
BRDA:12,1,1,1
BRF:4
BRH:4
end_of_record
TN:
SF:src\middlewares\logger.ts
FN:3,(anonymous_0)
FNF:1
FNH:1
FNDA:1,(anonymous_0)
DA:3,1
DA:4,1
DA:5,1
LF:3
LH:3
BRF:0
BRH:0
end_of_record
TN:
SF:src\models\Associations.ts
FNF:0
FNH:0
DA:1,0
DA:2,0
DA:4,0
DA:9,0
LF:4
LH:0
BRF:0
BRH:0
end_of_record
TN:
SF:src\models\Scores.ts
FNF:0
FNH:0
DA:1,4
DA:2,4
DA:10,4
DA:34,4
LF:4
LH:4
BRF:0
BRH:0
end_of_record
TN:
SF:src\models\user.ts
FNF:0
FNH:0
DA:1,7
DA:2,7
DA:16,7
DA:56,7
LF:4
LH:4
BRF:0
BRH:0
end_of_record
TN:
SF:src\routes\auth.routes.ts
FN:112,(anonymous_1)
FN:135,(anonymous_2)
FNF:2
FNH:0
FNDA:0,(anonymous_1)
FNDA:0,(anonymous_2)
DA:1,4
DA:2,4
DA:3,4
DA:4,4
DA:6,4
DA:44,4
DA:75,4
DA:112,4
DA:113,0
DA:115,0
DA:116,0
DA:119,0
DA:135,4
DA:137,0
DA:139,0
DA:144,4
LF:16
LH:10
BRDA:115,0,0,0
BRDA:115,0,1,0
BRF:2
BRH:0
end_of_record
TN:
SF:src\routes\scores.routes.ts
FNF:0
FNH:0
DA:1,4
DA:2,4
DA:4,4
DA:6,4
DA:7,4
DA:9,4
LF:6
LH:6
BRF:0
BRH:0
end_of_record
TN:
SF:src\routes\user.routes.ts
FNF:0
FNH:0
DA:1,4
DA:2,4
DA:3,4
DA:5,4
DA:51,4
DA:68,4
DA:93,4
DA:131,4
DA:156,4
DA:158,4
LF:10
LH:10
BRF:0
BRH:0
end_of_record
TN:
SF:src\services\auth.service.ts
FN:9,(anonymous_1)
FN:33,(anonymous_2)
FNF:2
FNH:1
FNDA:0,(anonymous_1)
FNDA:1,(anonymous_2)
DA:1,5
DA:2,5
DA:3,5
DA:5,5
DA:7,5
DA:10,0
DA:14,0
DA:15,0
DA:18,0
DA:20,0
DA:27,0
DA:35,1
DA:39,1
DA:40,0
DA:43,1
DA:45,1
DA:46,0
DA:49,1
DA:58,1
LF:19
LH:11
BRDA:5,0,0,5
BRDA:5,0,1,5
BRDA:14,1,0,0
BRDA:14,1,1,0
BRDA:39,2,0,0
BRDA:39,2,1,1
BRDA:45,3,0,0
BRDA:45,3,1,1
BRF:8
BRH:4
end_of_record
TN:
SF:src\services\user.service.ts
FN:6,(anonymous_1)
FN:10,(anonymous_2)
FN:14,(anonymous_3)
FN:31,(anonymous_4)
FN:43,(anonymous_5)
FNF:5
FNH:4
FNDA:1,(anonymous_1)
FNDA:1,(anonymous_2)
FNDA:1,(anonymous_3)
FNDA:0,(anonymous_4)
FNDA:1,(anonymous_5)
DA:1,4
DA:2,4
DA:4,4
DA:7,1
DA:11,1
DA:21,1
DA:23,1
DA:32,0
DA:33,0
DA:35,0
DA:36,0
DA:39,0
DA:40,0
DA:44,1
DA:45,1
DA:47,1
DA:48,1
LF:17
LH:11
BRDA:33,0,0,0
BRDA:33,0,1,0
BRDA:35,1,0,0
BRDA:35,1,1,0
BRDA:45,2,0,0
BRDA:45,2,1,1
BRF:6
BRH:1
end_of_record
